[2026-02-20 11:44:41,316] WARNING accounts.services 13012 13192 Failed login attempt for email: test22363@gmail.com
[2026-02-20 11:47:26,306] WARNING accounts.services 13012 12552 Failed login attempt for email: test22363@gmail.com
[2026-02-20 11:50:17,014] WARNING accounts.services 2728 14936 Failed login attempt for email: test22363@gmail.com
[2026-02-20 11:50:39,309] WARNING accounts.services 2728 14936 Failed login attempt for email: test22363@gmail.com
[2026-02-20 11:50:55,062] WARNING accounts.services 2728 14936 Failed login attempt for email: test22363@gmail.com
[2026-02-20 11:51:08,583] WARNING accounts.services 2728 14936 Failed login attempt for email: test2233@gmail.com
[2026-02-20 11:51:36,332] WARNING accounts.services 17288 10472 Failed login attempt for email: test2233@gmail.com
[2026-02-20 12:08:59,248] INFO accounts.signals 16136 2768 New user created | id=97fee1e8-5bcd-4918-a59f-fff273e460b3 email=hello@gmail.com role=MEMBER
[2026-02-20 12:08:59,250] INFO accounts.managers 16136 2768 Created new user: hello@gmail.com
[2026-02-20 12:10:31,965] WARNING accounts.services 16136 2768 Failed login attempt for email: hello@gmail.com
[2026-02-21 22:31:49,524] INFO accounts.signals 19952 7032 New user created | id=51f03f8e-bbd0-43dc-b1bb-e60d9d4217e4 email=shoaib@gmail.com role=MEMBER
[2026-02-21 22:31:49,532] INFO accounts.managers 19952 7032 Created new user: shoaib@gmail.com
[2026-02-21 22:32:07,470] INFO accounts.signals 19952 7032 New user created | id=caeedf9b-8b21-44a4-b0c8-876a2d990fb8 email=shoaib@gmail.com role=MEMBER
[2026-02-21 22:32:07,474] INFO accounts.managers 19952 7032 Created new user: shoaib@gmail.com
[2026-02-21 23:08:49,917] INFO accounts.signals 440 17304 New user created | id=0ad75d51-57b0-4de9-bd89-bc5148634302 email=shoaib@gmail.com role=MEMBER
[2026-02-21 23:08:49,921] INFO accounts.managers 440 17304 Created new user: shoaib@gmail.com
[2026-02-21 23:08:54,601] INFO accounts.services 440 17304 New user registered: shoaib@gmail.com
[2026-02-21 23:08:54,631] ERROR accounts.tasks 4628 7660 send_verification_email: User 0ad75d51-57b0-4de9-bd89-bc5148634302 not found
[2026-02-21 23:08:54,759] DEBUG accounts.tokens 440 17304 Generated token for user shoaib@gmail.com with role MEMBER
[2026-02-21 23:10:17,815] INFO accounts.signals 440 17304 New user created | id=97a635ee-cfec-4fa0-acf4-a1452fbb5499 email=shoaibwebx@gmail.com role=MEMBER
[2026-02-21 23:10:17,821] INFO accounts.managers 440 17304 Created new user: shoaibwebx@gmail.com
[2026-02-21 23:10:17,844] INFO accounts.services 440 17304 New user registered: shoaibwebx@gmail.com
[2026-02-21 23:10:17,859] ERROR accounts.tasks 4628 7660 send_verification_email: User 97a635ee-cfec-4fa0-acf4-a1452fbb5499 not found
[2026-02-21 23:10:17,860] DEBUG accounts.tokens 440 17304 Generated token for user shoaibwebx@gmail.com with role MEMBER
[2026-02-21 23:23:46,584] INFO accounts.signals 13840 15692 New user created | id=59705dc5-08c5-4e8c-aad4-17470aa63d91 email=shoaibsirajvlog953@gmail.com role=SUPER_ADMIN
[2026-02-21 23:23:46,585] INFO accounts.managers 13840 15692 Created new user: shoaibsirajvlog953@gmail.com
[2026-02-21 23:26:55,660] INFO accounts.signals 2784 19076 New user created | id=d7b547b2-b423-4fbc-88c8-3a23a891e63e email=shoaibsiarjvlog953@gmail.com role=MEMBER
[2026-02-21 23:26:55,661] INFO accounts.managers 2784 19076 Created new user: shoaibsiarjvlog953@gmail.com
[2026-02-21 23:26:55,669] INFO accounts.services 2784 19076 New user registered: shoaibsiarjvlog953@gmail.com
[2026-02-21 23:26:55,754] DEBUG accounts.tokens 2784 19076 Generated token for user shoaibsiarjvlog953@gmail.com with role MEMBER
[2026-02-21 23:29:29,134] INFO accounts.services 2784 19776 User logged in: shoaibsiarjvlog953@gmail.com
[2026-02-21 23:29:29,151] DEBUG accounts.tokens 2784 19776 Generated token for user shoaibsiarjvlog953@gmail.com with role MEMBER
[2026-02-21 23:33:27,762] INFO accounts.services 2784 19776 Password reset initiated for: shoaibsirajvlog953@gmail.com
[2026-02-22 11:37:27,858] WARNING accounts.services 9152 3204 failed_login email=shoaibsiarjvlog953@gmail.com
[2026-02-22 11:37:34,781] WARNING accounts.services 9152 3204 failed_login email=shoaibsiarjvlog953@gmail.com
[2026-02-22 11:38:05,109] WARNING accounts.services 9152 3204 failed_login email=shoaibsiarjvlog953@gmail.com
[2026-02-22 11:39:06,439] WARNING accounts.services 9152 3204 failed_login email=shoaib@gmail.com
[2026-02-22 11:45:19,065] WARNING accounts.services 9152 12352 failed_login email=shoaib@gmail.com
[2026-02-22 21:09:12,850] INFO accounts.signals 440 18544 New user created | id=e05a1e33-84bd-4319-9b38-66099df01fc3 email=shoaib@gmail.com role=MEMBER
[2026-02-22 21:09:12,854] INFO accounts.managers 440 18544 Created new user: shoaib@gmail.com
[2026-02-22 21:09:19,006] INFO accounts.services 440 18544 user_registered email=shoaib@gmail.com org_id=711721b2-fe2c-487d-93d2-dd5a4fb235af
[2026-02-22 21:09:19,404] DEBUG accounts.tokens 440 18544 token_generated user_id=e05a1e33-84bd-4319-9b38-66099df01fc3 role=ORG_ADMIN org_id=711721b2-fe2c-487d-93d2-dd5a4fb235af
[2026-02-22 21:09:40,731] INFO accounts.services 440 18544 user_login email=shoaib@gmail.com
[2026-02-22 21:09:40,752] DEBUG accounts.tokens 440 18544 token_generated user_id=e05a1e33-84bd-4319-9b38-66099df01fc3 role=ORG_ADMIN org_id=711721b2-fe2c-487d-93d2-dd5a4fb235af
[2026-02-22 21:10:37,607] INFO accounts.services 440 14452 user_login email=shoaib@gmail.com
[2026-02-22 21:10:37,645] DEBUG accounts.tokens 440 14452 token_generated user_id=e05a1e33-84bd-4319-9b38-66099df01fc3 role=ORG_ADMIN org_id=711721b2-fe2c-487d-93d2-dd5a4fb235af
[2026-02-22 21:20:31,421] INFO accounts.services 440 18696 user_login email=shoaib@gmail.com
[2026-02-22 21:20:31,433] DEBUG accounts.tokens 440 18696 token_generated user_id=e05a1e33-84bd-4319-9b38-66099df01fc3 role=ORG_ADMIN org_id=711721b2-fe2c-487d-93d2-dd5a4fb235af
[2026-02-22 21:25:36,634] INFO accounts.services 14528 15808 user_login email=shoaib@gmail.com
[2026-02-22 21:25:37,682] DEBUG accounts.tokens 14528 15808 token_generated user_id=e05a1e33-84bd-4319-9b38-66099df01fc3 role=ORG_ADMIN org_id=711721b2-fe2c-487d-93d2-dd5a4fb235af
[2026-02-22 21:32:38,519] INFO accounts.services 14528 16488 user_login email=shoaib@gmail.com
[2026-02-22 21:32:38,537] DEBUG accounts.tokens 14528 16488 token_generated user_id=e05a1e33-84bd-4319-9b38-66099df01fc3 role=ORG_ADMIN org_id=711721b2-fe2c-487d-93d2-dd5a4fb235af
[2026-02-22 21:34:14,028] INFO accounts.services 14528 16488 user_login email=shoaib@gmail.com
[2026-02-22 21:34:16,984] DEBUG accounts.tokens 14528 16488 token_generated user_id=e05a1e33-84bd-4319-9b38-66099df01fc3 role=ORG_ADMIN org_id=711721b2-fe2c-487d-93d2-dd5a4fb235af
[2026-02-22 21:54:39,402] INFO accounts.services 14528 6200 user_login email=shoaib@gmail.com
[2026-02-22 21:54:39,415] DEBUG accounts.tokens 14528 6200 token_generated user_id=e05a1e33-84bd-4319-9b38-66099df01fc3 role=ORG_ADMIN org_id=711721b2-fe2c-487d-93d2-dd5a4fb235af
[2026-02-22 22:17:31,425] DEBUG accounts.tokens 14528 18496 token_generated user_id=e05a1e33-84bd-4319-9b38-66099df01fc3 role=ORG_ADMIN org_id=711721b2-fe2c-487d-93d2-dd5a4fb235af
[2026-02-22 22:17:31,489] DEBUG accounts.tokens 14528 11260 token_generated user_id=e05a1e33-84bd-4319-9b38-66099df01fc3 role=ORG_ADMIN org_id=711721b2-fe2c-487d-93d2-dd5a4fb235af
[2026-02-22 22:32:57,617] INFO accounts.services 14528 8276 user_login email=shoaib@gmail.com
[2026-02-22 22:32:57,641] DEBUG accounts.tokens 14528 8276 token_generated user_id=e05a1e33-84bd-4319-9b38-66099df01fc3 role=ORG_ADMIN org_id=711721b2-fe2c-487d-93d2-dd5a4fb235af
[2026-02-22 22:50:05,771] DEBUG accounts.tokens 14528 19728 token_generated user_id=e05a1e33-84bd-4319-9b38-66099df01fc3 role=ORG_ADMIN org_id=711721b2-fe2c-487d-93d2-dd5a4fb235af
[2026-02-22 22:50:05,795] DEBUG accounts.tokens 14528 19820 token_generated user_id=e05a1e33-84bd-4319-9b38-66099df01fc3 role=ORG_ADMIN org_id=711721b2-fe2c-487d-93d2-dd5a4fb235af
[2026-02-23 13:56:41,810] INFO accounts.services 13268 10720 user_login email=shoaib@gmail.com
[2026-02-23 13:56:41,845] DEBUG accounts.tokens 13268 10720 token_generated user_id=e05a1e33-84bd-4319-9b38-66099df01fc3 role=ORG_ADMIN org_id=711721b2-fe2c-487d-93d2-dd5a4fb235af
[2026-02-23 14:15:51,678] DEBUG accounts.tokens 16704 7404 token_generated user_id=e05a1e33-84bd-4319-9b38-66099df01fc3 role=ORG_ADMIN org_id=711721b2-fe2c-487d-93d2-dd5a4fb235af
[2026-02-23 14:15:51,697] DEBUG accounts.tokens 16704 9772 token_generated user_id=e05a1e33-84bd-4319-9b38-66099df01fc3 role=ORG_ADMIN org_id=711721b2-fe2c-487d-93d2-dd5a4fb235af
[2026-02-23 14:35:32,551] INFO accounts.services 15728 13840 user_login email=shoaib@gmail.com
[2026-02-23 14:35:32,592] DEBUG accounts.tokens 15728 13840 token_generated user_id=e05a1e33-84bd-4319-9b38-66099df01fc3 role=ORG_ADMIN org_id=711721b2-fe2c-487d-93d2-dd5a4fb235af
[2026-02-25 14:05:33,374] INFO accounts.services 19860 2832 user_login email=shoaib@gmail.com
[2026-02-25 14:05:33,398] DEBUG accounts.tokens 19860 2832 token_generated user_id=e05a1e33-84bd-4319-9b38-66099df01fc3 role=ORG_ADMIN org_id=711721b2-fe2c-487d-93d2-dd5a4fb235af
[2026-02-25 14:06:33,677] INFO accounts.services 19860 10268 user_login email=shoaib@gmail.com
[2026-02-25 14:06:33,702] DEBUG accounts.tokens 19860 10268 token_generated user_id=e05a1e33-84bd-4319-9b38-66099df01fc3 role=ORG_ADMIN org_id=711721b2-fe2c-487d-93d2-dd5a4fb235af
[2026-02-25 14:33:56,614] DEBUG accounts.tokens 20712 8864 token_generated user_id=e05a1e33-84bd-4319-9b38-66099df01fc3 role=ORG_ADMIN org_id=711721b2-fe2c-487d-93d2-dd5a4fb235af
[2026-02-25 14:57:44,622] INFO accounts.services 20712 13168 user_login email=shoaib@gmail.com
[2026-02-25 14:57:44,681] DEBUG accounts.tokens 20712 13168 token_generated user_id=e05a1e33-84bd-4319-9b38-66099df01fc3 role=ORG_ADMIN org_id=711721b2-fe2c-487d-93d2-dd5a4fb235af
[2026-02-26 16:53:42,770] INFO accounts.services 19208 4452 user_login email=shoaib@gmail.com
[2026-02-26 16:53:42,989] DEBUG accounts.tokens 19208 4452 token_generated user_id=e05a1e33-84bd-4319-9b38-66099df01fc3 role=ORG_ADMIN org_id=711721b2-fe2c-487d-93d2-dd5a4fb235af
[2026-02-26 17:09:19,355] DEBUG accounts.tokens 6544 14992 token_generated user_id=e05a1e33-84bd-4319-9b38-66099df01fc3 role=ORG_ADMIN org_id=711721b2-fe2c-487d-93d2-dd5a4fb235af
[2026-02-26 17:25:44,630] INFO accounts.services 17748 12984 user_login email=shoaib@gmail.com
[2026-02-26 17:25:45,965] DEBUG accounts.tokens 17748 12984 token_generated user_id=e05a1e33-84bd-4319-9b38-66099df01fc3 role=ORG_ADMIN org_id=711721b2-fe2c-487d-93d2-dd5a4fb235af
[2026-02-26 18:19:04,247] INFO accounts.services 5896 13908 user_login email=shoaib@gmail.com
[2026-02-26 18:19:06,496] DEBUG accounts.tokens 5896 13908 token_generated user_id=e05a1e33-84bd-4319-9b38-66099df01fc3 role=ORG_ADMIN org_id=711721b2-fe2c-487d-93d2-dd5a4fb235af
[2026-02-26 18:35:11,883] DEBUG accounts.tokens 5896 13908 token_generated user_id=e05a1e33-84bd-4319-9b38-66099df01fc3 role=ORG_ADMIN org_id=711721b2-fe2c-487d-93d2-dd5a4fb235af
[2026-02-26 18:35:11,922] DEBUG accounts.tokens 5896 12492 token_generated user_id=e05a1e33-84bd-4319-9b38-66099df01fc3 role=ORG_ADMIN org_id=711721b2-fe2c-487d-93d2-dd5a4fb235af
[2026-02-27 09:51:49,029] INFO accounts.services 1836 21980 user_login email=shoaib@gmail.com
[2026-02-27 09:51:49,111] DEBUG accounts.tokens 1836 21980 token_generated user_id=e05a1e33-84bd-4319-9b38-66099df01fc3 role=ORG_ADMIN org_id=711721b2-fe2c-487d-93d2-dd5a4fb235af
[2026-02-27 10:58:02,819] DEBUG accounts.tokens 3048 23040 token_generated user_id=e05a1e33-84bd-4319-9b38-66099df01fc3 role=ORG_ADMIN org_id=711721b2-fe2c-487d-93d2-dd5a4fb235af
[2026-02-27 10:58:16,345] INFO accounts.services 3048 13796 user_login email=shoaib@gmail.com
[2026-02-27 10:58:16,362] DEBUG accounts.tokens 3048 13796 token_generated user_id=e05a1e33-84bd-4319-9b38-66099df01fc3 role=ORG_ADMIN org_id=711721b2-fe2c-487d-93d2-dd5a4fb235af
[2026-02-27 11:05:20,920] INFO accounts.services 19720 4360 user_login email=shoaib@gmail.com
[2026-02-27 11:05:20,942] DEBUG accounts.tokens 19720 4360 token_generated user_id=e05a1e33-84bd-4319-9b38-66099df01fc3 role=ORG_ADMIN org_id=711721b2-fe2c-487d-93d2-dd5a4fb235af
[2026-02-27 11:20:31,253] DEBUG accounts.tokens 16176 1880 token_generated user_id=e05a1e33-84bd-4319-9b38-66099df01fc3 role=ORG_ADMIN org_id=711721b2-fe2c-487d-93d2-dd5a4fb235af
[2026-02-27 11:20:31,273] DEBUG accounts.tokens 16176 8604 token_generated user_id=e05a1e33-84bd-4319-9b38-66099df01fc3 role=ORG_ADMIN org_id=711721b2-fe2c-487d-93d2-dd5a4fb235af
[2026-02-27 11:36:47,752] INFO accounts.services 19976 15400 user_login email=shoaib@gmail.com
[2026-02-27 11:36:47,783] DEBUG accounts.tokens 19976 15400 token_generated user_id=e05a1e33-84bd-4319-9b38-66099df01fc3 role=ORG_ADMIN org_id=711721b2-fe2c-487d-93d2-dd5a4fb235af
[2026-02-27 11:56:09,663] DEBUG accounts.tokens 19976 15576 token_generated user_id=e05a1e33-84bd-4319-9b38-66099df01fc3 role=ORG_ADMIN org_id=711721b2-fe2c-487d-93d2-dd5a4fb235af
[2026-02-27 12:17:12,798] INFO accounts.services 19976 14620 user_login email=shoaib@gmail.com
[2026-02-27 12:17:12,882] DEBUG accounts.tokens 19976 14620 token_generated user_id=e05a1e33-84bd-4319-9b38-66099df01fc3 role=ORG_ADMIN org_id=711721b2-fe2c-487d-93d2-dd5a4fb235af
[2026-02-27 20:46:06,190] WARNING accounts.services 1896 15688 failed_login email=shoaibsiarjvlog953@gmail.com
[2026-02-27 20:46:23,935] WARNING accounts.services 1896 15688 failed_login email=shoaibsiarjvlog953@gmail.com
[2026-02-27 20:46:49,615] WARNING accounts.services 1896 15688 failed_login email=shoaibsiarjvlog953@gmail.com
[2026-02-27 20:47:05,196] WARNING accounts.services 11292 1912 failed_login email=shoaibsiarjvlog953@gmail.com
[2026-02-27 20:47:54,864] INFO accounts.signals 11292 1912 New user created | id=f7977d82-dbaf-4f1c-b6d6-40cc7113ab2c email=shoaibwebx@gmail.com role=MEMBER
[2026-02-27 20:47:55,033] INFO accounts.managers 11292 1912 Created new user: shoaibwebx@gmail.com
[2026-02-27 20:48:00,248] INFO accounts.services 11292 1912 user_registered email=shoaibwebx@gmail.com org_id=b0555c1b-2dc9-4c9a-be92-3fd117c5e570
[2026-02-27 20:48:00,538] DEBUG accounts.tokens 11292 1912 token_generated user_id=f7977d82-dbaf-4f1c-b6d6-40cc7113ab2c role=ORG_ADMIN org_id=b0555c1b-2dc9-4c9a-be92-3fd117c5e570
[2026-02-27 20:48:06,520] INFO accounts.services 11292 1912 user_login email=shoaibwebx@gmail.com
[2026-02-27 20:48:06,547] DEBUG accounts.tokens 11292 1912 token_generated user_id=f7977d82-dbaf-4f1c-b6d6-40cc7113ab2c role=ORG_ADMIN org_id=b0555c1b-2dc9-4c9a-be92-3fd117c5e570
[2026-02-27 21:04:05,304] DEBUG accounts.tokens 11292 13080 token_generated user_id=f7977d82-dbaf-4f1c-b6d6-40cc7113ab2c role=ORG_ADMIN org_id=b0555c1b-2dc9-4c9a-be92-3fd117c5e570
[2026-02-27 21:04:05,370] DEBUG accounts.tokens 11292 23000 token_generated user_id=f7977d82-dbaf-4f1c-b6d6-40cc7113ab2c role=ORG_ADMIN org_id=b0555c1b-2dc9-4c9a-be92-3fd117c5e570
[2026-02-27 21:24:52,440] INFO accounts.services 11292 20668 user_login email=shoaibwebx@gmail.com
[2026-02-27 21:24:52,488] DEBUG accounts.tokens 11292 20668 token_generated user_id=f7977d82-dbaf-4f1c-b6d6-40cc7113ab2c role=ORG_ADMIN org_id=b0555c1b-2dc9-4c9a-be92-3fd117c5e570
[2026-02-27 22:19:02,208] DEBUG accounts.tokens 12392 7580 token_generated user_id=f7977d82-dbaf-4f1c-b6d6-40cc7113ab2c role=ORG_ADMIN org_id=b0555c1b-2dc9-4c9a-be92-3fd117c5e570
[2026-02-27 22:19:30,854] INFO accounts.services 12392 7580 user_login email=shoaibwebx@gmail.com
[2026-02-27 22:19:30,863] DEBUG accounts.tokens 12392 7580 token_generated user_id=f7977d82-dbaf-4f1c-b6d6-40cc7113ab2c role=ORG_ADMIN org_id=b0555c1b-2dc9-4c9a-be92-3fd117c5e570
[2026-02-27 22:35:48,630] DEBUG accounts.tokens 11240 19768 token_generated user_id=f7977d82-dbaf-4f1c-b6d6-40cc7113ab2c role=ORG_ADMIN org_id=b0555c1b-2dc9-4c9a-be92-3fd117c5e570
[2026-02-27 22:51:35,695] INFO accounts.services 15352 21384 user_login email=shoaibwebx@gmail.com
[2026-02-27 22:51:35,773] DEBUG accounts.tokens 15352 21384 token_generated user_id=f7977d82-dbaf-4f1c-b6d6-40cc7113ab2c role=ORG_ADMIN org_id=b0555c1b-2dc9-4c9a-be92-3fd117c5e570
[2026-02-28 20:43:32,417] INFO accounts.services 9264 9152 user_login email=shoaibwebx@gmail.com
[2026-02-28 20:43:32,584] DEBUG accounts.tokens 9264 9152 token_generated user_id=f7977d82-dbaf-4f1c-b6d6-40cc7113ab2c role=ORG_ADMIN org_id=b0555c1b-2dc9-4c9a-be92-3fd117c5e570
[2026-02-28 21:47:32,065] DEBUG accounts.tokens 21168 24204 token_generated user_id=f7977d82-dbaf-4f1c-b6d6-40cc7113ab2c role=ORG_ADMIN org_id=b0555c1b-2dc9-4c9a-be92-3fd117c5e570
[2026-02-28 21:47:32,094] DEBUG accounts.tokens 21168 23964 token_generated user_id=f7977d82-dbaf-4f1c-b6d6-40cc7113ab2c role=ORG_ADMIN org_id=b0555c1b-2dc9-4c9a-be92-3fd117c5e570
[2026-02-28 22:07:11,796] INFO accounts.services 21168 22440 user_login email=shoaibwebx@gmail.com
[2026-02-28 22:07:11,853] DEBUG accounts.tokens 21168 22440 token_generated user_id=f7977d82-dbaf-4f1c-b6d6-40cc7113ab2c role=ORG_ADMIN org_id=b0555c1b-2dc9-4c9a-be92-3fd117c5e570
[2026-02-28 22:28:58,580] DEBUG accounts.tokens 9948 23316 token_generated user_id=f7977d82-dbaf-4f1c-b6d6-40cc7113ab2c role=ORG_ADMIN org_id=b0555c1b-2dc9-4c9a-be92-3fd117c5e570
[2026-02-28 22:46:39,611] INFO accounts.services 9948 24448 user_login email=shoaibwebx@gmail.com
[2026-02-28 22:46:39,677] DEBUG accounts.tokens 9948 24448 token_generated user_id=f7977d82-dbaf-4f1c-b6d6-40cc7113ab2c role=ORG_ADMIN org_id=b0555c1b-2dc9-4c9a-be92-3fd117c5e570
[2026-02-28 23:03:57,790] DEBUG accounts.tokens 9948 2016 token_generated user_id=f7977d82-dbaf-4f1c-b6d6-40cc7113ab2c role=ORG_ADMIN org_id=b0555c1b-2dc9-4c9a-be92-3fd117c5e570
[2026-02-28 23:11:25,591] WARNING accounts.services 9948 23784 failed_login email=shoaibsiarjvlog953@gmail.com
[2026-02-28 23:11:38,533] WARNING accounts.services 9948 12656 failed_login email=shoaibsiarjvlog953@gmail.com
[2026-02-28 23:14:41,918] INFO accounts.signals 9948 12656 New user created | id=65e9f307-4aea-442d-ac52-18c8f420e979 email=vlog953@gmail.com role=MEMBER
[2026-02-28 23:14:41,920] INFO accounts.managers 9948 12656 Created new user: vlog953@gmail.com
[2026-02-28 23:14:47,275] INFO accounts.services 9948 12656 user_registered email=vlog953@gmail.com org_id=db56e453-239a-4ba6-88fc-82dba861e349
[2026-02-28 23:14:47,292] DEBUG accounts.tokens 9948 12656 token_generated user_id=65e9f307-4aea-442d-ac52-18c8f420e979 role=ORG_ADMIN org_id=db56e453-239a-4ba6-88fc-82dba861e349
[2026-02-28 23:14:54,452] INFO accounts.services 9948 12656 user_login email=vlog953@gmail.com
[2026-02-28 23:14:54,469] DEBUG accounts.tokens 9948 12656 token_generated user_id=65e9f307-4aea-442d-ac52-18c8f420e979 role=ORG_ADMIN org_id=db56e453-239a-4ba6-88fc-82dba861e349
[2026-03-05 10:24:13,905] INFO accounts.services 4768 13708 user_login email=vlog953@gmail.com
[2026-03-05 10:24:14,151] DEBUG accounts.tokens 4768 13708 token_generated user_id=65e9f307-4aea-442d-ac52-18c8f420e979 role=ORG_ADMIN org_id=db56e453-239a-4ba6-88fc-82dba861e349
[2026-03-05 10:39:24,435] DEBUG accounts.tokens 21080 16560 token_generated user_id=65e9f307-4aea-442d-ac52-18c8f420e979 role=ORG_ADMIN org_id=db56e453-239a-4ba6-88fc-82dba861e349
[2026-03-05 10:54:41,116] INFO accounts.services 9040 2972 user_login email=vlog953@gmail.com
[2026-03-05 10:54:41,129] DEBUG accounts.tokens 9040 2972 token_generated user_id=65e9f307-4aea-442d-ac52-18c8f420e979 role=ORG_ADMIN org_id=db56e453-239a-4ba6-88fc-82dba861e349
[2026-03-05 11:12:04,040] DEBUG accounts.tokens 9040 24396 token_generated user_id=65e9f307-4aea-442d-ac52-18c8f420e979 role=ORG_ADMIN org_id=db56e453-239a-4ba6-88fc-82dba861e349
[2026-03-05 11:12:04,074] DEBUG accounts.tokens 9040 2972 token_generated user_id=65e9f307-4aea-442d-ac52-18c8f420e979 role=ORG_ADMIN org_id=db56e453-239a-4ba6-88fc-82dba861e349
[2026-03-05 11:27:45,182] INFO accounts.services 9040 19020 user_login email=vlog953@gmail.com
[2026-03-05 11:27:45,220] DEBUG accounts.tokens 9040 19020 token_generated user_id=65e9f307-4aea-442d-ac52-18c8f420e979 role=ORG_ADMIN org_id=db56e453-239a-4ba6-88fc-82dba861e349
[2026-03-05 11:43:04,960] DEBUG accounts.tokens 24060 20992 token_generated user_id=65e9f307-4aea-442d-ac52-18c8f420e979 role=ORG_ADMIN org_id=db56e453-239a-4ba6-88fc-82dba861e349
[2026-03-05 11:59:37,533] INFO accounts.services 13028 23640 user_login email=vlog953@gmail.com
[2026-03-05 11:59:38,745] DEBUG accounts.tokens 13028 23640 token_generated user_id=65e9f307-4aea-442d-ac52-18c8f420e979 role=ORG_ADMIN org_id=db56e453-239a-4ba6-88fc-82dba861e349
[2026-03-05 12:16:52,527] DEBUG accounts.tokens 15904 1560 token_generated user_id=65e9f307-4aea-442d-ac52-18c8f420e979 role=ORG_ADMIN org_id=db56e453-239a-4ba6-88fc-82dba861e349
[2026-03-05 12:16:52,549] DEBUG accounts.tokens 15904 19960 token_generated user_id=65e9f307-4aea-442d-ac52-18c8f420e979 role=ORG_ADMIN org_id=db56e453-239a-4ba6-88fc-82dba861e349
[2026-03-05 12:16:52,601] DEBUG accounts.tokens 15904 20768 token_generated user_id=65e9f307-4aea-442d-ac52-18c8f420e979 role=ORG_ADMIN org_id=db56e453-239a-4ba6-88fc-82dba861e349
[2026-03-05 12:16:52,629] DEBUG accounts.tokens 15904 19648 token_generated user_id=65e9f307-4aea-442d-ac52-18c8f420e979 role=ORG_ADMIN org_id=db56e453-239a-4ba6-88fc-82dba861e349
[2026-03-05 12:42:41,519] INFO accounts.services 13824 5336 user_login email=vlog953@gmail.com
[2026-03-05 12:42:41,564] DEBUG accounts.tokens 13824 5336 token_generated user_id=65e9f307-4aea-442d-ac52-18c8f420e979 role=ORG_ADMIN org_id=db56e453-239a-4ba6-88fc-82dba861e349
